3044016 execve("./minishell", ["./minishell"], 0x7ffe3e5e9c68 /* 50 vars */) = 0
3044016 brk(NULL)                       = 0x55abaaae1000
3044016 arch_prctl(0x3001 /* ARCH_??? */, 0x7ffd15c03e50) = -1 EINVAL (Invalid argument)
3044016 mmap(NULL, 8192, PROT_READ|PROT_WRITE, MAP_PRIVATE|MAP_ANONYMOUS, -1, 0) = 0x7f98b78f6000
3044016 access("/etc/ld.so.preload", R_OK) = -1 ENOENT (No such file or directory)
3044016 openat(AT_FDCWD, "/etc/ld.so.cache", O_RDONLY|O_CLOEXEC) = 3
3044016 newfstatat(3, "", {st_mode=S_IFREG|0644, st_size=86591, ...}, AT_EMPTY_PATH) = 0
3044016 mmap(NULL, 86591, PROT_READ, MAP_PRIVATE, 3, 0) = 0x7f98b78e0000
3044016 close(3)                        = 0
3044016 openat(AT_FDCWD, "/lib/x86_64-linux-gnu/libreadline.so.8", O_RDONLY|O_CLOEXEC) = 3
3044016 read(3, "\177ELF\2\1\1\0\0\0\0\0\0\0\0\0\3\0>\0\1\0\0\0\0\0\0\0\0\0\0\0"..., 832) = 832
3044016 newfstatat(3, "", {st_mode=S_IFREG|0644, st_size=335936, ...}, AT_EMPTY_PATH) = 0
3044016 mmap(NULL, 343488, PROT_READ, MAP_PRIVATE|MAP_DENYWRITE, 3, 0) = 0x7f98b788c000
3044016 mprotect(0x7f98b78a0000, 225280, PROT_NONE) = 0
3044016 mmap(0x7f98b78a0000, 180224, PROT_READ|PROT_EXEC, MAP_PRIVATE|MAP_FIXED|MAP_DENYWRITE, 3, 0x14000) = 0x7f98b78a0000
3044016 mmap(0x7f98b78cc000, 40960, PROT_READ, MAP_PRIVATE|MAP_FIXED|MAP_DENYWRITE, 3, 0x40000) = 0x7f98b78cc000
3044016 mmap(0x7f98b78d7000, 32768, PROT_READ|PROT_WRITE, MAP_PRIVATE|MAP_FIXED|MAP_DENYWRITE, 3, 0x4a000) = 0x7f98b78d7000
3044016 mmap(0x7f98b78df000, 3520, PROT_READ|PROT_WRITE, MAP_PRIVATE|MAP_FIXED|MAP_ANONYMOUS, -1, 0) = 0x7f98b78df000
3044016 close(3)                        = 0
3044016 openat(AT_FDCWD, "/lib/x86_64-linux-gnu/libc.so.6", O_RDONLY|O_CLOEXEC) = 3
3044016 read(3, "\177ELF\2\1\1\3\0\0\0\0\0\0\0\0\3\0>\0\1\0\0\0P\237\2\0\0\0\0\0"..., 832) = 832
3044016 pread64(3, "\6\0\0\0\4\0\0\0@\0\0\0\0\0\0\0@\0\0\0\0\0\0\0@\0\0\0\0\0\0\0"..., 784, 64) = 784
3044016 pread64(3, "\4\0\0\0 \0\0\0\5\0\0\0GNU\0\2\0\0\300\4\0\0\0\3\0\0\0\0\0\0\0"..., 48, 848) = 48
3044016 pread64(3, "\4\0\0\0\24\0\0\0\3\0\0\0GNU\0\315A\vq\17\17\tLh2\355\331Y1\0m"..., 68, 896) = 68
3044016 newfstatat(3, "", {st_mode=S_IFREG|0755, st_size=2220400, ...}, AT_EMPTY_PATH) = 0
3044016 pread64(3, "\6\0\0\0\4\0\0\0@\0\0\0\0\0\0\0@\0\0\0\0\0\0\0@\0\0\0\0\0\0\0"..., 784, 64) = 784
3044016 mmap(NULL, 2264656, PROT_READ, MAP_PRIVATE|MAP_DENYWRITE, 3, 0) = 0x7f98b7663000
3044016 mprotect(0x7f98b768b000, 2023424, PROT_NONE) = 0
3044016 mmap(0x7f98b768b000, 1658880, PROT_READ|PROT_EXEC, MAP_PRIVATE|MAP_FIXED|MAP_DENYWRITE, 3, 0x28000) = 0x7f98b768b000
3044016 mmap(0x7f98b7820000, 360448, PROT_READ, MAP_PRIVATE|MAP_FIXED|MAP_DENYWRITE, 3, 0x1bd000) = 0x7f98b7820000
3044016 mmap(0x7f98b7879000, 24576, PROT_READ|PROT_WRITE, MAP_PRIVATE|MAP_FIXED|MAP_DENYWRITE, 3, 0x215000) = 0x7f98b7879000
3044016 mmap(0x7f98b787f000, 52816, PROT_READ|PROT_WRITE, MAP_PRIVATE|MAP_FIXED|MAP_ANONYMOUS, -1, 0) = 0x7f98b787f000
3044016 close(3)                        = 0
3044016 openat(AT_FDCWD, "/lib/x86_64-linux-gnu/libtinfo.so.6", O_RDONLY|O_CLOEXEC) = 3
3044016 read(3, "\177ELF\2\1\1\0\0\0\0\0\0\0\0\0\3\0>\0\1\0\0\0\0\0\0\0\0\0\0\0"..., 832) = 832
3044016 newfstatat(3, "", {st_mode=S_IFREG|0644, st_size=200136, ...}, AT_EMPTY_PATH) = 0
3044016 mmap(NULL, 203040, PROT_READ, MAP_PRIVATE|MAP_DENYWRITE, 3, 0) = 0x7f98b7631000
3044016 mmap(0x7f98b763f000, 69632, PROT_READ|PROT_EXEC, MAP_PRIVATE|MAP_FIXED|MAP_DENYWRITE, 3, 0xe000) = 0x7f98b763f000
3044016 mmap(0x7f98b7650000, 57344, PROT_READ, MAP_PRIVATE|MAP_FIXED|MAP_DENYWRITE, 3, 0x1f000) = 0x7f98b7650000
3044016 mmap(0x7f98b765e000, 20480, PROT_READ|PROT_WRITE, MAP_PRIVATE|MAP_FIXED|MAP_DENYWRITE, 3, 0x2c000) = 0x7f98b765e000
3044016 close(3)                        = 0
3044016 mmap(NULL, 12288, PROT_READ|PROT_WRITE, MAP_PRIVATE|MAP_ANONYMOUS, -1, 0) = 0x7f98b762e000
3044016 arch_prctl(ARCH_SET_FS, 0x7f98b762e740) = 0
3044016 set_tid_address(0x7f98b762ea10) = 3044016
3044016 set_robust_list(0x7f98b762ea20, 24) = 0
3044016 rseq(0x7f98b762f0e0, 0x20, 0, 0x53053053) = 0
3044016 mprotect(0x7f98b7879000, 16384, PROT_READ) = 0
3044016 mprotect(0x7f98b765e000, 16384, PROT_READ) = 0
3044016 mprotect(0x7f98b78d7000, 8192, PROT_READ) = 0
3044016 mprotect(0x55ab8b6bd000, 4096, PROT_READ) = 0
3044016 mprotect(0x7f98b7930000, 8192, PROT_READ) = 0
3044016 prlimit64(0, RLIMIT_STACK, NULL, {rlim_cur=8192*1024, rlim_max=RLIM64_INFINITY}) = 0
3044016 munmap(0x7f98b78e0000, 86591)   = 0
3044016 ioctl(0, TCGETS, {B38400 opost isig icanon echo ...}) = 0
3044016 ioctl(0, TCGETS, {B38400 opost isig icanon echo ...}) = 0
3044016 ioctl(0, SNDCTL_TMR_START or TCSETS, {B38400 opost isig icanon echo ...}) = 0
3044016 ioctl(0, TCGETS, {B38400 opost isig icanon echo ...}) = 0
3044016 getrandom("\x8f\x41\x61\xe9\xe7\xbc\x25\xa3", 8, GRND_NONBLOCK) = 8
3044016 brk(NULL)                       = 0x55abaaae1000
3044016 brk(0x55abaab02000)             = 0x55abaab02000
3044016 rt_sigaction(SIGINT, {sa_handler=0x55ab8b6b6530, sa_mask=[], sa_flags=SA_RESTORER|SA_RESTART, sa_restorer=0x7f98b76a5520}, NULL, 8) = 0
3044016 rt_sigaction(SIGQUIT, {sa_handler=SIG_IGN, sa_mask=[QUIT], sa_flags=SA_RESTORER|SA_RESTART, sa_restorer=0x7f98b76a5520}, {sa_handler=SIG_DFL, sa_mask=[], sa_flags=0}, 8) = 0
3044016 ioctl(0, TIOCGWINSZ, {ws_row=24, ws_col=80, ws_xpixel=0, ws_ypixel=0}) = 0
3044016 ioctl(1, TCGETS, {B38400 opost isig icanon echo ...}) = 0
3044016 getuid()                        = 101695
3044016 geteuid()                       = 101695
3044016 getgid()                        = 4224
3044016 getegid()                       = 4224
3044016 getuid()                        = 101695
3044016 geteuid()                       = 101695
3044016 getgid()                        = 4224
3044016 getegid()                       = 4224
3044016 newfstatat(AT_FDCWD, "/home/sapupier/.terminfo", 0x55abaaae5370, 0) = -1 ENOENT (No such file or directory)
3044016 newfstatat(AT_FDCWD, "/etc/terminfo", {st_mode=S_IFDIR|0755, st_size=4096, ...}, 0) = 0
3044016 newfstatat(AT_FDCWD, "/lib/terminfo", {st_mode=S_IFDIR|0755, st_size=4096, ...}, 0) = 0
3044016 newfstatat(AT_FDCWD, "/usr/share/terminfo", {st_mode=S_IFDIR|0755, st_size=4096, ...}, 0) = 0
3044016 access("/etc/terminfo/x/xterm-256color", R_OK) = -1 ENOENT (No such file or directory)
3044016 access("/lib/terminfo/x/xterm-256color", R_OK) = 0
3044016 openat(AT_FDCWD, "/lib/terminfo/x/xterm-256color", O_RDONLY) = 3
3044016 newfstatat(3, "", {st_mode=S_IFREG|0644, st_size=3852, ...}, AT_EMPTY_PATH) = 0
3044016 read(3, "\36\2%\0&\0\17\0\235\1Z\6xterm-256color|xterm"..., 32768) = 3852
3044016 read(3, "", 28672)              = 0
3044016 close(3)                        = 0
3044016 ioctl(1, TCGETS, {B38400 opost isig icanon echo ...}) = 0
3044016 ioctl(1, TCGETS, {B38400 opost isig icanon echo ...}) = 0
3044016 ioctl(1, TCGETS, {B38400 opost isig icanon echo ...}) = 0
3044016 ioctl(1, TCGETS, {B38400 opost isig icanon echo ...}) = 0
3044016 ioctl(1, TIOCGWINSZ, {ws_row=24, ws_col=80, ws_xpixel=0, ws_ypixel=0}) = 0
3044016 ioctl(0, TIOCGWINSZ, {ws_row=24, ws_col=80, ws_xpixel=0, ws_ypixel=0}) = 0
3044016 ioctl(0, TIOCSWINSZ, {ws_row=24, ws_col=80, ws_xpixel=0, ws_ypixel=0}) = 0
3044016 ioctl(0, TCGETS, {B38400 opost isig icanon echo ...}) = 0
3044016 openat(AT_FDCWD, "/usr/lib/locale/locale-archive", O_RDONLY|O_CLOEXEC) = 3
3044016 newfstatat(3, "", {st_mode=S_IFREG|0644, st_size=5475184, ...}, AT_EMPTY_PATH) = 0
3044016 mmap(NULL, 5475184, PROT_READ, MAP_PRIVATE, 3, 0) = 0x7f98b70f5000
3044016 close(3)                        = 0
3044016 openat(AT_FDCWD, "/home/sapupier/.inputrc", O_RDONLY) = -1 ENOENT (No such file or directory)
3044016 openat(AT_FDCWD, "/etc/inputrc", O_RDONLY) = 3
3044016 newfstatat(3, "", {st_mode=S_IFREG|0644, st_size=1748, ...}, AT_EMPTY_PATH) = 0
3044016 read(3, "# /etc/inputrc - global inputrc "..., 1748) = 1748
3044016 close(3)                        = 0
3044016 brk(0x55abaab23000)             = 0x55abaab23000
3044016 ioctl(0, TIOCGWINSZ, {ws_row=24, ws_col=80, ws_xpixel=0, ws_ypixel=0}) = 0
3044016 ioctl(0, TIOCSWINSZ, {ws_row=24, ws_col=80, ws_xpixel=0, ws_ypixel=0}) = 0
3044016 ioctl(0, TCGETS, {B38400 opost isig icanon echo ...}) = 0
3044016 ioctl(0, TCGETS, {B38400 opost isig icanon echo ...}) = 0
3044016 ioctl(0, SNDCTL_TMR_STOP or TCSETSW, {B38400 opost isig -icanon -echo ...}) = 0
3044016 ioctl(0, TCGETS, {B38400 opost isig -icanon -echo ...}) = 0
3044016 newfstatat(1, "", {st_mode=S_IFCHR|0620, st_rdev=makedev(0x88, 0x1), ...}, AT_EMPTY_PATH) = 0
3044016 write(1, "\33[?2004h", 8)       = 8
3044016 rt_sigprocmask(SIG_BLOCK, [HUP INT QUIT ALRM TERM TSTP TTIN TTOU], [], 8) = 0
3044016 rt_sigaction(SIGINT, {sa_handler=0x7f98b78b99d0, sa_mask=[], sa_flags=SA_RESTORER, sa_restorer=0x7f98b76a5520}, {sa_handler=0x55ab8b6b6530, sa_mask=[], sa_flags=SA_RESTORER|SA_RESTART, sa_restorer=0x7f98b76a5520}, 8) = 0
3044016 rt_sigaction(SIGTERM, {sa_handler=0x7f98b78b99d0, sa_mask=[], sa_flags=SA_RESTORER, sa_restorer=0x7f98b76a5520}, {sa_handler=SIG_DFL, sa_mask=[], sa_flags=0}, 8) = 0
3044016 rt_sigaction(SIGHUP, {sa_handler=0x7f98b78b99d0, sa_mask=[], sa_flags=SA_RESTORER, sa_restorer=0x7f98b76a5520}, {sa_handler=SIG_DFL, sa_mask=[], sa_flags=0}, 8) = 0
3044016 rt_sigaction(SIGQUIT, {sa_handler=0x7f98b78b99d0, sa_mask=[], sa_flags=SA_RESTORER, sa_restorer=0x7f98b76a5520}, {sa_handler=SIG_IGN, sa_mask=[QUIT], sa_flags=SA_RESTORER|SA_RESTART, sa_restorer=0x7f98b76a5520}, 8) = 0
3044016 rt_sigaction(SIGQUIT, {sa_handler=SIG_IGN, sa_mask=[QUIT], sa_flags=SA_RESTORER|SA_RESTART, sa_restorer=0x7f98b76a5520}, {sa_handler=0x7f98b78b99d0, sa_mask=[], sa_flags=SA_RESTORER, sa_restorer=0x7f98b76a5520}, 8) = 0
3044016 rt_sigaction(SIGALRM, {sa_handler=0x7f98b78b99d0, sa_mask=[], sa_flags=SA_RESTORER, sa_restorer=0x7f98b76a5520}, {sa_handler=SIG_DFL, sa_mask=[], sa_flags=0}, 8) = 0
3044016 rt_sigaction(SIGTSTP, {sa_handler=0x7f98b78b99d0, sa_mask=[], sa_flags=SA_RESTORER, sa_restorer=0x7f98b76a5520}, {sa_handler=SIG_DFL, sa_mask=[], sa_flags=0}, 8) = 0
3044016 rt_sigaction(SIGTTOU, {sa_handler=0x7f98b78b99d0, sa_mask=[], sa_flags=SA_RESTORER, sa_restorer=0x7f98b76a5520}, {sa_handler=SIG_DFL, sa_mask=[], sa_flags=0}, 8) = 0
3044016 rt_sigaction(SIGTTIN, {sa_handler=0x7f98b78b99d0, sa_mask=[], sa_flags=SA_RESTORER, sa_restorer=0x7f98b76a5520}, {sa_handler=SIG_DFL, sa_mask=[], sa_flags=0}, 8) = 0
3044016 rt_sigprocmask(SIG_SETMASK, [], NULL, 8) = 0
3044016 rt_sigaction(SIGWINCH, {sa_handler=0x7f98b78b99e0, sa_mask=[], sa_flags=SA_RESTORER|SA_RESTART, sa_restorer=0x7f98b76a5520}, {sa_handler=SIG_DFL, sa_mask=[], sa_flags=0}, 8) = 0
3044016 openat(AT_FDCWD, "/usr/lib/x86_64-linux-gnu/gconv/gconv-modules.cache", O_RDONLY) = 3
3044016 newfstatat(3, "", {st_mode=S_IFREG|0644, st_size=27002, ...}, AT_EMPTY_PATH) = 0
3044016 mmap(NULL, 27002, PROT_READ, MAP_SHARED, 3, 0) = 0x7f98b78ef000
3044016 close(3)                        = 0
3044016 futex(0x7f98b787ea6c, FUTEX_WAKE_PRIVATE, 2147483647) = 0
3044016 write(1, "minishell> ", 11)     = 11
3044016 pselect6(1, [0], NULL, NULL, NULL, {sigmask=[], sigsetsize=8}) = 1 (in [0])
3044016 read(0, "s", 1)                 = 1
3044016 pselect6(1, [0], NULL, [0], {tv_sec=0, tv_nsec=0}, NULL) = 0 (Timeout)
3044016 write(1, "s", 1)                = 1
3044016 pselect6(1, [0], NULL, NULL, NULL, {sigmask=[], sigsetsize=8}) = 1 (in [0])
3044016 read(0, "l", 1)                 = 1
3044016 pselect6(1, [0], NULL, [0], {tv_sec=0, tv_nsec=0}, NULL) = 0 (Timeout)
3044016 write(1, "l", 1)                = 1
3044016 pselect6(1, [0], NULL, NULL, NULL, {sigmask=[], sigsetsize=8}) = 1 (in [0])
3044016 read(0, "e", 1)                 = 1
3044016 pselect6(1, [0], NULL, [0], {tv_sec=0, tv_nsec=0}, NULL) = 0 (Timeout)
3044016 write(1, "e", 1)                = 1
3044016 pselect6(1, [0], NULL, NULL, NULL, {sigmask=[], sigsetsize=8}) = 1 (in [0])
3044016 read(0, "e", 1)                 = 1
3044016 pselect6(1, [0], NULL, [0], {tv_sec=0, tv_nsec=0}, NULL) = 0 (Timeout)
3044016 write(1, "e", 1)                = 1
3044016 pselect6(1, [0], NULL, NULL, NULL, {sigmask=[], sigsetsize=8}) = 1 (in [0])
3044016 read(0, "p", 1)                 = 1
3044016 pselect6(1, [0], NULL, [0], {tv_sec=0, tv_nsec=0}, NULL) = 0 (Timeout)
3044016 write(1, "p", 1)                = 1
3044016 pselect6(1, [0], NULL, NULL, NULL, {sigmask=[], sigsetsize=8}) = 1 (in [0])
3044016 read(0, " ", 1)                 = 1
3044016 pselect6(1, [0], NULL, [0], {tv_sec=0, tv_nsec=0}, NULL) = 0 (Timeout)
3044016 write(1, " ", 1)                = 1
3044016 pselect6(1, [0], NULL, NULL, NULL, {sigmask=[], sigsetsize=8}) = 1 (in [0])
3044016 read(0, "1", 1)                 = 1
3044016 pselect6(1, [0], NULL, [0], {tv_sec=0, tv_nsec=0}, NULL) = 0 (Timeout)
3044016 write(1, "1", 1)                = 1
3044016 pselect6(1, [0], NULL, NULL, NULL, {sigmask=[], sigsetsize=8}) = 1 (in [0])
3044016 read(0, "0", 1)                 = 1
3044016 pselect6(1, [0], NULL, [0], {tv_sec=0, tv_nsec=0}, NULL) = 0 (Timeout)
3044016 write(1, "0", 1)                = 1
3044016 pselect6(1, [0], NULL, NULL, NULL, {sigmask=[], sigsetsize=8}) = 1 (in [0])
3044016 read(0, "\r", 1)                = 1
3044016 write(1, "\n", 1)               = 1
3044016 write(1, "\33[?2004l\r", 9)     = 9
3044016 ioctl(0, TCGETS, {B38400 opost isig -icanon -echo ...}) = 0
3044016 ioctl(0, SNDCTL_TMR_STOP or TCSETSW, {B38400 opost isig icanon echo ...}) = 0
3044016 ioctl(0, TCGETS, {B38400 opost isig icanon echo ...}) = 0
3044016 rt_sigaction(SIGINT, {sa_handler=0x55ab8b6b6530, sa_mask=[], sa_flags=SA_RESTORER|SA_RESTART, sa_restorer=0x7f98b76a5520}, {sa_handler=0x7f98b78b99d0, sa_mask=[], sa_flags=SA_RESTORER, sa_restorer=0x7f98b76a5520}, 8) = 0
3044016 rt_sigaction(SIGTERM, {sa_handler=SIG_DFL, sa_mask=[], sa_flags=SA_RESTORER, sa_restorer=0x7f98b76a5520}, {sa_handler=0x7f98b78b99d0, sa_mask=[], sa_flags=SA_RESTORER, sa_restorer=0x7f98b76a5520}, 8) = 0
3044016 rt_sigaction(SIGHUP, {sa_handler=SIG_DFL, sa_mask=[], sa_flags=SA_RESTORER, sa_restorer=0x7f98b76a5520}, {sa_handler=0x7f98b78b99d0, sa_mask=[], sa_flags=SA_RESTORER, sa_restorer=0x7f98b76a5520}, 8) = 0
3044016 rt_sigaction(SIGALRM, {sa_handler=SIG_DFL, sa_mask=[], sa_flags=SA_RESTORER, sa_restorer=0x7f98b76a5520}, {sa_handler=0x7f98b78b99d0, sa_mask=[], sa_flags=SA_RESTORER, sa_restorer=0x7f98b76a5520}, 8) = 0
3044016 rt_sigaction(SIGTSTP, {sa_handler=SIG_DFL, sa_mask=[], sa_flags=SA_RESTORER, sa_restorer=0x7f98b76a5520}, {sa_handler=0x7f98b78b99d0, sa_mask=[], sa_flags=SA_RESTORER, sa_restorer=0x7f98b76a5520}, 8) = 0
3044016 rt_sigaction(SIGTTOU, {sa_handler=SIG_DFL, sa_mask=[], sa_flags=SA_RESTORER, sa_restorer=0x7f98b76a5520}, {sa_handler=0x7f98b78b99d0, sa_mask=[], sa_flags=SA_RESTORER, sa_restorer=0x7f98b76a5520}, 8) = 0
3044016 rt_sigaction(SIGTTIN, {sa_handler=SIG_DFL, sa_mask=[], sa_flags=SA_RESTORER, sa_restorer=0x7f98b76a5520}, {sa_handler=0x7f98b78b99d0, sa_mask=[], sa_flags=SA_RESTORER, sa_restorer=0x7f98b76a5520}, 8) = 0
3044016 rt_sigaction(SIGWINCH, {sa_handler=SIG_DFL, sa_mask=[], sa_flags=SA_RESTORER, sa_restorer=0x7f98b76a5520}, {sa_handler=0x7f98b78b99e0, sa_mask=[], sa_flags=SA_RESTORER|SA_RESTART, sa_restorer=0x7f98b76a5520}, 8) = 0
3044016 write(1, "DEBUG AST \342\206\222 cmd: sleep | pipe_"..., 39) = 39
3044016 write(1, "abstract syntax tree :\n", 23) = 23
3044016 write(1, "\342\224\200\342\224\200\342\224\200 New command \342\224\200\342\224\200\342\224\200\n", 32) = 32
3044016 write(1, "  CMD[0] : sleep\n", 17) = 17
3044016 write(1, "  CMD[1] : 10\n", 14) = 14
3044016 dup(0)                          = 3
3044016 dup(1)                          = 4
3044016 write(1, "[EXEC] cmd: sleep | pipe_out: 0\n", 32) = 32
3044016 clone(child_stack=NULL, flags=CLONE_CHILD_CLEARTID|CLONE_CHILD_SETTID|SIGCHLD, child_tidptr=0x7f98b762ea10) = 3044544
3044544 set_robust_list(0x7f98b762ea20, 24 <unfinished ...>
3044016 wait4(3044544,  <unfinished ...>
3044544 <... set_robust_list resumed>)  = 0
3044544 rt_sigaction(SIGINT, {sa_handler=SIG_DFL, sa_mask=[INT], sa_flags=SA_RESTORER|SA_RESTART, sa_restorer=0x7f98b76a5520}, {sa_handler=0x55ab8b6b6530, sa_mask=[], sa_flags=SA_RESTORER|SA_RESTART, sa_restorer=0x7f98b76a5520}, 8) = 0
3044544 rt_sigaction(SIGQUIT, {sa_handler=SIG_DFL, sa_mask=[QUIT], sa_flags=SA_RESTORER|SA_RESTART, sa_restorer=0x7f98b76a5520}, {sa_handler=SIG_IGN, sa_mask=[QUIT], sa_flags=SA_RESTORER|SA_RESTART, sa_restorer=0x7f98b76a5520}, 8) = 0
3044544 write(1, "child running\n", 14) = 14
3044544 access("sleep", X_OK)           = -1 EACCES (Permission denied)
3044544 access("/home/sapupier/bin/sleep", X_OK) = -1 ENOENT (No such file or directory)
3044544 access("/usr/local/sbin/sleep", X_OK) = -1 ENOENT (No such file or directory)
3044544 access("/usr/local/bin/sleep", X_OK) = -1 ENOENT (No such file or directory)
3044544 access("/usr/sbin/sleep", X_OK) = -1 ENOENT (No such file or directory)
3044544 access("/usr/bin/sleep", X_OK)  = 0
3044544 clone(child_stack=NULL, flags=CLONE_CHILD_CLEARTID|CLONE_CHILD_SETTID|SIGCHLD, child_tidptr=0x7f98b762ea10) = 3044545
3044544 wait4(3044545,  <unfinished ...>
3044545 set_robust_list(0x7f98b762ea20, 24) = 0
3044545 execve("/usr/bin/sleep", ["sleep", "10"], 0x55abaab18f50 /* 50 vars */) = 0
3044545 brk(NULL)                       = 0x55de6d369000
3044545 arch_prctl(0x3001 /* ARCH_??? */, 0x7ffef7e3b280) = -1 EINVAL (Invalid argument)
3044545 mmap(NULL, 8192, PROT_READ|PROT_WRITE, MAP_PRIVATE|MAP_ANONYMOUS, -1, 0) = 0x7f4c5d3a5000
3044545 access("/etc/ld.so.preload", R_OK) = -1 ENOENT (No such file or directory)
3044545 openat(AT_FDCWD, "/etc/ld.so.cache", O_RDONLY|O_CLOEXEC) = 5
3044545 newfstatat(5, "", {st_mode=S_IFREG|0644, st_size=86591, ...}, AT_EMPTY_PATH) = 0
3044545 mmap(NULL, 86591, PROT_READ, MAP_PRIVATE, 5, 0) = 0x7f4c5d38f000
3044545 close(5)                        = 0
3044545 openat(AT_FDCWD, "/lib/x86_64-linux-gnu/libc.so.6", O_RDONLY|O_CLOEXEC) = 5
3044545 read(5, "\177ELF\2\1\1\3\0\0\0\0\0\0\0\0\3\0>\0\1\0\0\0P\237\2\0\0\0\0\0"..., 832) = 832
3044545 pread64(5, "\6\0\0\0\4\0\0\0@\0\0\0\0\0\0\0@\0\0\0\0\0\0\0@\0\0\0\0\0\0\0"..., 784, 64) = 784
3044545 pread64(5, "\4\0\0\0 \0\0\0\5\0\0\0GNU\0\2\0\0\300\4\0\0\0\3\0\0\0\0\0\0\0"..., 48, 848) = 48
3044545 pread64(5, "\4\0\0\0\24\0\0\0\3\0\0\0GNU\0\315A\vq\17\17\tLh2\355\331Y1\0m"..., 68, 896) = 68
3044545 newfstatat(5, "", {st_mode=S_IFREG|0755, st_size=2220400, ...}, AT_EMPTY_PATH) = 0
3044545 pread64(5, "\6\0\0\0\4\0\0\0@\0\0\0\0\0\0\0@\0\0\0\0\0\0\0@\0\0\0\0\0\0\0"..., 784, 64) = 784
3044545 mmap(NULL, 2264656, PROT_READ, MAP_PRIVATE|MAP_DENYWRITE, 5, 0) = 0x7f4c5d166000
3044545 mprotect(0x7f4c5d18e000, 2023424, PROT_NONE) = 0
3044545 mmap(0x7f4c5d18e000, 1658880, PROT_READ|PROT_EXEC, MAP_PRIVATE|MAP_FIXED|MAP_DENYWRITE, 5, 0x28000) = 0x7f4c5d18e000
3044545 mmap(0x7f4c5d323000, 360448, PROT_READ, MAP_PRIVATE|MAP_FIXED|MAP_DENYWRITE, 5, 0x1bd000) = 0x7f4c5d323000
3044545 mmap(0x7f4c5d37c000, 24576, PROT_READ|PROT_WRITE, MAP_PRIVATE|MAP_FIXED|MAP_DENYWRITE, 5, 0x215000) = 0x7f4c5d37c000
3044545 mmap(0x7f4c5d382000, 52816, PROT_READ|PROT_WRITE, MAP_PRIVATE|MAP_FIXED|MAP_ANONYMOUS, -1, 0) = 0x7f4c5d382000
3044545 close(5)                        = 0
3044545 mmap(NULL, 12288, PROT_READ|PROT_WRITE, MAP_PRIVATE|MAP_ANONYMOUS, -1, 0) = 0x7f4c5d163000
3044545 arch_prctl(ARCH_SET_FS, 0x7f4c5d163740) = 0
3044545 set_tid_address(0x7f4c5d163a10) = 3044545
3044545 set_robust_list(0x7f4c5d163a20, 24) = 0
3044545 rseq(0x7f4c5d1640e0, 0x20, 0, 0x53053053) = 0
3044545 mprotect(0x7f4c5d37c000, 16384, PROT_READ) = 0
3044545 mprotect(0x55de4f4df000, 4096, PROT_READ) = 0
3044545 mprotect(0x7f4c5d3df000, 8192, PROT_READ) = 0
3044545 prlimit64(0, RLIMIT_STACK, NULL, {rlim_cur=8192*1024, rlim_max=RLIM64_INFINITY}) = 0
3044545 munmap(0x7f4c5d38f000, 86591)   = 0
3044545 getrandom("\x74\x58\xeb\xfa\x95\x0c\x79\xaf", 8, GRND_NONBLOCK) = 8
3044545 brk(NULL)                       = 0x55de6d369000
3044545 brk(0x55de6d38a000)             = 0x55de6d38a000
3044545 openat(AT_FDCWD, "/usr/lib/locale/locale-archive", O_RDONLY|O_CLOEXEC) = 5
3044545 newfstatat(5, "", {st_mode=S_IFREG|0644, st_size=5475184, ...}, AT_EMPTY_PATH) = 0
3044545 mmap(NULL, 5475184, PROT_READ, MAP_PRIVATE, 5, 0) = 0x7f4c5cc2a000
3044545 close(5)                        = 0
3044545 clock_nanosleep(CLOCK_REALTIME, 0, {tv_sec=10, tv_nsec=0},  <unfinished ...>
3044016 <... wait4 resumed>0x7ffd15c03e5c, 0, NULL) = ? ERESTARTSYS (To be restarted if SA_RESTART is set)
3044545 <... clock_nanosleep resumed>{tv_sec=9, tv_nsec=572485437}) = ? ERESTART_RESTARTBLOCK (Interrupted by signal)
3044544 <... wait4 resumed>0x7ffd15c03db4, 0, NULL) = ? ERESTARTSYS (To be restarted if SA_RESTART is set)
3044016 --- SIGQUIT {si_signo=SIGQUIT, si_code=SI_KERNEL} ---
3044545 --- SIGQUIT {si_signo=SIGQUIT, si_code=SI_KERNEL} ---
3044544 --- SIGQUIT {si_signo=SIGQUIT, si_code=SI_KERNEL} ---
3044016 wait4(3044544,  <unfinished ...>
3044544 +++ killed by SIGQUIT (core dumped) +++
3044016 <... wait4 resumed>[{WIFSIGNALED(s) && WTERMSIG(s) == SIGQUIT && WCOREDUMP(s)}], 0, NULL) = 3044544
3044016 --- SIGCHLD {si_signo=SIGCHLD, si_code=CLD_DUMPED, si_pid=3044544, si_uid=101695, si_status=SIGQUIT, si_utime=0, si_stime=0} ---
3044016 newfstatat(2, "", {st_mode=S_IFCHR|0620, st_rdev=makedev(0x88, 0x1), ...}, AT_EMPTY_PATH) = 0
3044016 lseek(2, 0, SEEK_CUR)           = -1 ESPIPE (Illegal seek)
3044016 write(2, "Signal re\303\247u : 3\n", 17) = 17
3044016 write(2, "Quit (core dumped)\n\0", 20) = 20
3044016 dup2(3, 0)                      = 0
3044016 dup2(4, 1)                      = 1
3044016 close(3)                        = 0
3044016 close(4)                        = 0
3044016 wait4(-1, 0x7ffd15c03e5c, 0, NULL) = -1 ECHILD (No child processes)
3044016 rt_sigaction(SIGINT, {sa_handler=0x55ab8b6b6530, sa_mask=[], sa_flags=SA_RESTORER|SA_RESTART, sa_restorer=0x7f98b76a5520}, NULL, 8) = 0
3044016 rt_sigaction(SIGQUIT, {sa_handler=SIG_IGN, sa_mask=[QUIT], sa_flags=SA_RESTORER|SA_RESTART, sa_restorer=0x7f98b76a5520}, {sa_handler=SIG_IGN, sa_mask=[QUIT], sa_flags=SA_RESTORER|SA_RESTART, sa_restorer=0x7f98b76a5520}, 8) = 0
3044016 ioctl(0, TIOCGWINSZ, {ws_row=24, ws_col=80, ws_xpixel=0, ws_ypixel=0}) = 0
3044016 ioctl(0, TIOCSWINSZ, {ws_row=24, ws_col=80, ws_xpixel=0, ws_ypixel=0}) = 0
3044016 ioctl(0, TCGETS, {B38400 opost isig icanon echo ...}) = 0
3044016 ioctl(0, TCGETS, {B38400 opost isig icanon echo ...}) = 0
3044016 ioctl(0, SNDCTL_TMR_STOP or TCSETSW, {B38400 opost isig -icanon -echo ...}) = 0
3044016 ioctl(0, TCGETS, {B38400 opost isig -icanon -echo ...}) = 0
3044016 write(1, "\33[?2004h", 8)       = 8
3044016 rt_sigprocmask(SIG_BLOCK, [HUP INT QUIT ALRM TERM TSTP TTIN TTOU], [], 8) = 0
3044016 rt_sigaction(SIGINT, {sa_handler=0x7f98b78b99d0, sa_mask=[], sa_flags=SA_RESTORER, sa_restorer=0x7f98b76a5520}, {sa_handler=0x55ab8b6b6530, sa_mask=[], sa_flags=SA_RESTORER|SA_RESTART, sa_restorer=0x7f98b76a5520}, 8) = 0
3044016 rt_sigaction(SIGTERM, {sa_handler=0x7f98b78b99d0, sa_mask=[], sa_flags=SA_RESTORER, sa_restorer=0x7f98b76a5520}, {sa_handler=SIG_DFL, sa_mask=[], sa_flags=SA_RESTORER, sa_restorer=0x7f98b76a5520}, 8) = 0
3044016 rt_sigaction(SIGHUP, {sa_handler=0x7f98b78b99d0, sa_mask=[], sa_flags=SA_RESTORER, sa_restorer=0x7f98b76a5520}, {sa_handler=SIG_DFL, sa_mask=[], sa_flags=SA_RESTORER, sa_restorer=0x7f98b76a5520}, 8) = 0
3044016 rt_sigaction(SIGQUIT, {sa_handler=0x7f98b78b99d0, sa_mask=[], sa_flags=SA_RESTORER, sa_restorer=0x7f98b76a5520}, {sa_handler=SIG_IGN, sa_mask=[QUIT], sa_flags=SA_RESTORER|SA_RESTART, sa_restorer=0x7f98b76a5520}, 8) = 0
3044016 rt_sigaction(SIGQUIT, {sa_handler=SIG_IGN, sa_mask=[QUIT], sa_flags=SA_RESTORER|SA_RESTART, sa_restorer=0x7f98b76a5520}, {sa_handler=0x7f98b78b99d0, sa_mask=[], sa_flags=SA_RESTORER, sa_restorer=0x7f98b76a5520}, 8) = 0
3044016 rt_sigaction(SIGALRM, {sa_handler=0x7f98b78b99d0, sa_mask=[], sa_flags=SA_RESTORER, sa_restorer=0x7f98b76a5520}, {sa_handler=SIG_DFL, sa_mask=[], sa_flags=SA_RESTORER, sa_restorer=0x7f98b76a5520}, 8) = 0
3044016 rt_sigaction(SIGTSTP, {sa_handler=0x7f98b78b99d0, sa_mask=[], sa_flags=SA_RESTORER, sa_restorer=0x7f98b76a5520}, {sa_handler=SIG_DFL, sa_mask=[], sa_flags=SA_RESTORER, sa_restorer=0x7f98b76a5520}, 8) = 0
3044016 rt_sigaction(SIGTTOU, {sa_handler=0x7f98b78b99d0, sa_mask=[], sa_flags=SA_RESTORER, sa_restorer=0x7f98b76a5520}, {sa_handler=SIG_DFL, sa_mask=[], sa_flags=SA_RESTORER, sa_restorer=0x7f98b76a5520}, 8) = 0
3044016 rt_sigaction(SIGTTIN, {sa_handler=0x7f98b78b99d0, sa_mask=[], sa_flags=SA_RESTORER, sa_restorer=0x7f98b76a5520}, {sa_handler=SIG_DFL, sa_mask=[], sa_flags=SA_RESTORER, sa_restorer=0x7f98b76a5520}, 8) = 0
3044016 rt_sigprocmask(SIG_SETMASK, [], NULL, 8) = 0
3044016 rt_sigaction(SIGWINCH, {sa_handler=0x7f98b78b99e0, sa_mask=[], sa_flags=SA_RESTORER|SA_RESTART, sa_restorer=0x7f98b76a5520}, {sa_handler=SIG_DFL, sa_mask=[], sa_flags=SA_RESTORER, sa_restorer=0x7f98b76a5520}, 8) = 0
3044016 write(1, "minishell> ", 11)     = 11
3044016 pselect6(1, [0], NULL, NULL, NULL, {sigmask=[], sigsetsize=8} <unfinished ...>
3044545 +++ killed by SIGQUIT (core dumped) +++
3044016 <... pselect6 resumed>)         = 1 (in [0])
3044016 read(0, "\33", 1)               = 1
3044016 pselect6(1, [0], NULL, NULL, NULL, {sigmask=[], sigsetsize=8}) = 1 (in [0])
3044016 read(0, "[", 1)                 = 1
3044016 pselect6(1, [0], NULL, NULL, NULL, {sigmask=[], sigsetsize=8}) = 1 (in [0])
3044016 read(0, "A", 1)                 = 1
3044016 write(1, "sleep 10", 8)         = 8
3044016 pselect6(1, [0], NULL, NULL, NULL, {sigmask=[], sigsetsize=8}) = 1 (in [0])
3044016 read(0, "\33", 1)               = 1
3044016 pselect6(1, [0], NULL, NULL, NULL, {sigmask=[], sigsetsize=8}) = 1 (in [0])
3044016 read(0, "[", 1)                 = 1
3044016 pselect6(1, [0], NULL, NULL, NULL, {sigmask=[], sigsetsize=8}) = 1 (in [0])
3044016 read(0, "A", 1)                 = 1
3044016 write(2, "\7", 1)               = 1
3044016 pselect6(1, [0], NULL, NULL, NULL, {sigmask=[], sigsetsize=8}) = ? ERESTARTNOHAND (To be restarted if no handler)
3044016 --- SIGINT {si_signo=SIGINT, si_code=SI_KERNEL} ---
3044016 rt_sigreturn({mask=[]})         = -1 EINTR (Interrupted system call)
3044016 rt_sigprocmask(SIG_BLOCK, NULL, [], 8) = 0
3044016 rt_sigprocmask(SIG_BLOCK, [TTOU], [], 8) = 0
3044016 ioctl(1, TCXONC, TCOON)         = 0
3044016 write(1, "\33[?2004l\r", 9)     = 9
3044016 ioctl(0, TCGETS, {B38400 opost isig -icanon -echo ...}) = 0
3044016 ioctl(0, SNDCTL_TMR_STOP or TCSETSW, {B38400 opost isig icanon echo ...}) = 0
3044016 ioctl(0, TCGETS, {B38400 opost isig icanon echo ...}) = 0
3044016 rt_sigaction(SIGINT, {sa_handler=0x55ab8b6b6530, sa_mask=[], sa_flags=SA_RESTORER|SA_RESTART, sa_restorer=0x7f98b76a5520}, {sa_handler=0x7f98b78b99d0, sa_mask=[], sa_flags=SA_RESTORER, sa_restorer=0x7f98b76a5520}, 8) = 0
3044016 rt_sigaction(SIGTERM, {sa_handler=SIG_DFL, sa_mask=[], sa_flags=SA_RESTORER, sa_restorer=0x7f98b76a5520}, {sa_handler=0x7f98b78b99d0, sa_mask=[], sa_flags=SA_RESTORER, sa_restorer=0x7f98b76a5520}, 8) = 0
3044016 rt_sigaction(SIGHUP, {sa_handler=SIG_DFL, sa_mask=[], sa_flags=SA_RESTORER, sa_restorer=0x7f98b76a5520}, {sa_handler=0x7f98b78b99d0, sa_mask=[], sa_flags=SA_RESTORER, sa_restorer=0x7f98b76a5520}, 8) = 0
3044016 rt_sigaction(SIGALRM, {sa_handler=SIG_DFL, sa_mask=[], sa_flags=SA_RESTORER, sa_restorer=0x7f98b76a5520}, {sa_handler=0x7f98b78b99d0, sa_mask=[], sa_flags=SA_RESTORER, sa_restorer=0x7f98b76a5520}, 8) = 0
3044016 rt_sigaction(SIGTSTP, {sa_handler=SIG_DFL, sa_mask=[], sa_flags=SA_RESTORER, sa_restorer=0x7f98b76a5520}, {sa_handler=0x7f98b78b99d0, sa_mask=[], sa_flags=SA_RESTORER, sa_restorer=0x7f98b76a5520}, 8) = 0
3044016 rt_sigaction(SIGTTOU, {sa_handler=SIG_DFL, sa_mask=[], sa_flags=SA_RESTORER, sa_restorer=0x7f98b76a5520}, {sa_handler=0x7f98b78b99d0, sa_mask=[], sa_flags=SA_RESTORER, sa_restorer=0x7f98b76a5520}, 8) = 0
3044016 rt_sigaction(SIGTTIN, {sa_handler=SIG_DFL, sa_mask=[], sa_flags=SA_RESTORER, sa_restorer=0x7f98b76a5520}, {sa_handler=0x7f98b78b99d0, sa_mask=[], sa_flags=SA_RESTORER, sa_restorer=0x7f98b76a5520}, 8) = 0
3044016 rt_sigaction(SIGWINCH, {sa_handler=SIG_DFL, sa_mask=[], sa_flags=SA_RESTORER, sa_restorer=0x7f98b76a5520}, {sa_handler=0x7f98b78b99e0, sa_mask=[], sa_flags=SA_RESTORER|SA_RESTART, sa_restorer=0x7f98b76a5520}, 8) = 0
3044016 rt_sigprocmask(SIG_UNBLOCK, [], NULL, 8) = 0
3044016 getpid()                        = 3044016
3044016 kill(3044016, SIGINT)           = 0
3044016 --- SIGINT {si_signo=SIGINT, si_code=SI_USER, si_pid=3044016, si_uid=101695} ---
3044016 write(1, "\n", 1)               = 1
3044016 write(1, "minishell> ", 11)     = 11
3044016 rt_sigreturn({mask=[TTOU]})     = 0
3044016 ioctl(0, TIOCGWINSZ, {ws_row=24, ws_col=80, ws_xpixel=0, ws_ypixel=0}) = 0
3044016 ioctl(0, TIOCSWINSZ, {ws_row=24, ws_col=80, ws_xpixel=0, ws_ypixel=0}) = 0
3044016 ioctl(0, TCGETS, {B38400 opost isig icanon echo ...}) = 0
3044016 ioctl(0, TCGETS, {B38400 opost isig icanon echo ...}) = 0
3044016 ioctl(0, SNDCTL_TMR_STOP or TCSETSW, {B38400 opost isig -icanon -echo ...}) = 0
3044016 ioctl(0, TCGETS, {B38400 opost isig -icanon -echo ...}) = 0
3044016 write(1, "\33[?2004h", 8)       = 8
3044016 rt_sigprocmask(SIG_BLOCK, [HUP INT QUIT ALRM TERM TSTP TTIN TTOU], [TTOU], 8) = 0
3044016 rt_sigaction(SIGINT, {sa_handler=0x7f98b78b99d0, sa_mask=[], sa_flags=SA_RESTORER, sa_restorer=0x7f98b76a5520}, {sa_handler=0x55ab8b6b6530, sa_mask=[], sa_flags=SA_RESTORER|SA_RESTART, sa_restorer=0x7f98b76a5520}, 8) = 0
3044016 rt_sigaction(SIGTERM, {sa_handler=0x7f98b78b99d0, sa_mask=[], sa_flags=SA_RESTORER, sa_restorer=0x7f98b76a5520}, {sa_handler=SIG_DFL, sa_mask=[], sa_flags=SA_RESTORER, sa_restorer=0x7f98b76a5520}, 8) = 0
3044016 rt_sigaction(SIGHUP, {sa_handler=0x7f98b78b99d0, sa_mask=[], sa_flags=SA_RESTORER, sa_restorer=0x7f98b76a5520}, {sa_handler=SIG_DFL, sa_mask=[], sa_flags=SA_RESTORER, sa_restorer=0x7f98b76a5520}, 8) = 0
3044016 rt_sigaction(SIGQUIT, {sa_handler=0x7f98b78b99d0, sa_mask=[], sa_flags=SA_RESTORER, sa_restorer=0x7f98b76a5520}, {sa_handler=SIG_IGN, sa_mask=[QUIT], sa_flags=SA_RESTORER|SA_RESTART, sa_restorer=0x7f98b76a5520}, 8) = 0
3044016 rt_sigaction(SIGQUIT, {sa_handler=SIG_IGN, sa_mask=[QUIT], sa_flags=SA_RESTORER|SA_RESTART, sa_restorer=0x7f98b76a5520}, {sa_handler=0x7f98b78b99d0, sa_mask=[], sa_flags=SA_RESTORER, sa_restorer=0x7f98b76a5520}, 8) = 0
3044016 rt_sigaction(SIGALRM, {sa_handler=0x7f98b78b99d0, sa_mask=[], sa_flags=SA_RESTORER, sa_restorer=0x7f98b76a5520}, {sa_handler=SIG_DFL, sa_mask=[], sa_flags=SA_RESTORER, sa_restorer=0x7f98b76a5520}, 8) = 0
3044016 rt_sigaction(SIGTSTP, {sa_handler=0x7f98b78b99d0, sa_mask=[], sa_flags=SA_RESTORER, sa_restorer=0x7f98b76a5520}, {sa_handler=SIG_DFL, sa_mask=[], sa_flags=SA_RESTORER, sa_restorer=0x7f98b76a5520}, 8) = 0
3044016 rt_sigaction(SIGTTOU, {sa_handler=0x7f98b78b99d0, sa_mask=[], sa_flags=SA_RESTORER, sa_restorer=0x7f98b76a5520}, {sa_handler=SIG_DFL, sa_mask=[], sa_flags=SA_RESTORER, sa_restorer=0x7f98b76a5520}, 8) = 0
3044016 rt_sigaction(SIGTTIN, {sa_handler=0x7f98b78b99d0, sa_mask=[], sa_flags=SA_RESTORER, sa_restorer=0x7f98b76a5520}, {sa_handler=SIG_DFL, sa_mask=[], sa_flags=SA_RESTORER, sa_restorer=0x7f98b76a5520}, 8) = 0
3044016 rt_sigprocmask(SIG_SETMASK, [TTOU], NULL, 8) = 0
3044016 rt_sigaction(SIGWINCH, {sa_handler=0x7f98b78b99e0, sa_mask=[], sa_flags=SA_RESTORER|SA_RESTART, sa_restorer=0x7f98b76a5520}, {sa_handler=SIG_DFL, sa_mask=[], sa_flags=SA_RESTORER, sa_restorer=0x7f98b76a5520}, 8) = 0
3044016 pselect6(1, [0], NULL, NULL, NULL, {sigmask=[TTOU], sigsetsize=8}) = 1 (in [0])
3044016 read(0, "e", 1)                 = 1
3044016 pselect6(1, [0], NULL, [0], {tv_sec=0, tv_nsec=0}, NULL) = 0 (Timeout)
3044016 write(1, "e", 1)                = 1
3044016 pselect6(1, [0], NULL, NULL, NULL, {sigmask=[TTOU], sigsetsize=8}) = 1 (in [0])
3044016 read(0, "i", 1)                 = 1
3044016 pselect6(1, [0], NULL, [0], {tv_sec=0, tv_nsec=0}, NULL) = 0 (Timeout)
3044016 write(1, "i", 1)                = 1
3044016 pselect6(1, [0], NULL, NULL, NULL, {sigmask=[TTOU], sigsetsize=8}) = 1 (in [0])
3044016 read(0, "t", 1)                 = 1
3044016 pselect6(1, [0], NULL, [0], {tv_sec=0, tv_nsec=0}, NULL) = 0 (Timeout)
3044016 write(1, "t", 1)                = 1
3044016 pselect6(1, [0], NULL, NULL, NULL, {sigmask=[TTOU], sigsetsize=8}) = 1 (in [0])
3044016 read(0, "\r", 1)                = 1
3044016 write(1, "\n", 1)               = 1
3044016 write(1, "\33[?2004l\r", 9)     = 9
3044016 ioctl(0, TCGETS, {B38400 opost isig -icanon -echo ...}) = 0
3044016 ioctl(0, SNDCTL_TMR_STOP or TCSETSW, {B38400 opost isig icanon echo ...}) = 0
3044016 ioctl(0, TCGETS, {B38400 opost isig icanon echo ...}) = 0
3044016 rt_sigaction(SIGINT, {sa_handler=0x55ab8b6b6530, sa_mask=[], sa_flags=SA_RESTORER|SA_RESTART, sa_restorer=0x7f98b76a5520}, {sa_handler=0x7f98b78b99d0, sa_mask=[], sa_flags=SA_RESTORER, sa_restorer=0x7f98b76a5520}, 8) = 0
3044016 rt_sigaction(SIGTERM, {sa_handler=SIG_DFL, sa_mask=[], sa_flags=SA_RESTORER, sa_restorer=0x7f98b76a5520}, {sa_handler=0x7f98b78b99d0, sa_mask=[], sa_flags=SA_RESTORER, sa_restorer=0x7f98b76a5520}, 8) = 0
3044016 rt_sigaction(SIGHUP, {sa_handler=SIG_DFL, sa_mask=[], sa_flags=SA_RESTORER, sa_restorer=0x7f98b76a5520}, {sa_handler=0x7f98b78b99d0, sa_mask=[], sa_flags=SA_RESTORER, sa_restorer=0x7f98b76a5520}, 8) = 0
3044016 rt_sigaction(SIGALRM, {sa_handler=SIG_DFL, sa_mask=[], sa_flags=SA_RESTORER, sa_restorer=0x7f98b76a5520}, {sa_handler=0x7f98b78b99d0, sa_mask=[], sa_flags=SA_RESTORER, sa_restorer=0x7f98b76a5520}, 8) = 0
3044016 rt_sigaction(SIGTSTP, {sa_handler=SIG_DFL, sa_mask=[], sa_flags=SA_RESTORER, sa_restorer=0x7f98b76a5520}, {sa_handler=0x7f98b78b99d0, sa_mask=[], sa_flags=SA_RESTORER, sa_restorer=0x7f98b76a5520}, 8) = 0
3044016 rt_sigaction(SIGTTOU, {sa_handler=SIG_DFL, sa_mask=[], sa_flags=SA_RESTORER, sa_restorer=0x7f98b76a5520}, {sa_handler=0x7f98b78b99d0, sa_mask=[], sa_flags=SA_RESTORER, sa_restorer=0x7f98b76a5520}, 8) = 0
3044016 rt_sigaction(SIGTTIN, {sa_handler=SIG_DFL, sa_mask=[], sa_flags=SA_RESTORER, sa_restorer=0x7f98b76a5520}, {sa_handler=0x7f98b78b99d0, sa_mask=[], sa_flags=SA_RESTORER, sa_restorer=0x7f98b76a5520}, 8) = 0
3044016 rt_sigaction(SIGWINCH, {sa_handler=SIG_DFL, sa_mask=[], sa_flags=SA_RESTORER, sa_restorer=0x7f98b76a5520}, {sa_handler=0x7f98b78b99e0, sa_mask=[], sa_flags=SA_RESTORER|SA_RESTART, sa_restorer=0x7f98b76a5520}, 8) = 0
3044016 write(1, "DEBUG AST \342\206\222 cmd: eit | pipe_ou"..., 37) = 37
3044016 write(1, "abstract syntax tree :\n", 23) = 23
3044016 write(1, "\342\224\200\342\224\200\342\224\200 New command \342\224\200\342\224\200\342\224\200\n", 32) = 32
3044016 write(1, "  CMD[0] : eit\n", 15) = 15
3044016 dup(0)                          = 3
3044016 dup(1)                          = 4
3044016 write(1, "[EXEC] cmd: eit | pipe_out: 0\n", 30) = 30
3044016 clone(child_stack=NULL, flags=CLONE_CHILD_CLEARTID|CLONE_CHILD_SETTID|SIGCHLD, child_tidptr=0x7f98b762ea10) = 3044813
3044016 wait4(3044813,  <unfinished ...>
3044813 set_robust_list(0x7f98b762ea20, 24) = 0
3044813 rt_sigaction(SIGINT, {sa_handler=SIG_DFL, sa_mask=[INT], sa_flags=SA_RESTORER|SA_RESTART, sa_restorer=0x7f98b76a5520}, {sa_handler=0x55ab8b6b6530, sa_mask=[], sa_flags=SA_RESTORER|SA_RESTART, sa_restorer=0x7f98b76a5520}, 8) = 0
3044813 rt_sigaction(SIGQUIT, {sa_handler=SIG_DFL, sa_mask=[QUIT], sa_flags=SA_RESTORER|SA_RESTART, sa_restorer=0x7f98b76a5520}, {sa_handler=SIG_IGN, sa_mask=[QUIT], sa_flags=SA_RESTORER|SA_RESTART, sa_restorer=0x7f98b76a5520}, 8) = 0
3044813 write(1, "child running\n", 14) = 14
3044813 access("eit", X_OK)             = -1 ENOENT (No such file or directory)
3044813 access("/home/sapupier/bin/eit", X_OK) = -1 ENOENT (No such file or directory)
3044813 access("/usr/local/sbin/eit", X_OK) = -1 ENOENT (No such file or directory)
3044813 access("/usr/local/bin/eit", X_OK) = -1 ENOENT (No such file or directory)
3044813 access("/usr/sbin/eit", X_OK)   = -1 ENOENT (No such file or directory)
3044813 access("/usr/bin/eit", X_OK)    = -1 ENOENT (No such file or directory)
3044813 access("/sbin/eit", X_OK)       = -1 ENOENT (No such file or directory)
3044813 access("/bin/eit", X_OK)        = -1 ENOENT (No such file or directory)
3044813 access("/usr/games/eit", X_OK)  = -1 ENOENT (No such file or directory)
3044813 access("/usr/local/games/eit", X_OK) = -1 ENOENT (No such file or directory)
3044813 access("/snap/bin/eit", X_OK)   = -1 ENOENT (No such file or directory)
3044813 write(2, "eit: No such file or directory\n", 31) = 31
3044813 exit_group(1)                   = ?
3044813 +++ exited with 1 +++
3044016 <... wait4 resumed>[{WIFEXITED(s) && WEXITSTATUS(s) == 1}], 0, NULL) = 3044813
3044016 --- SIGCHLD {si_signo=SIGCHLD, si_code=CLD_EXITED, si_pid=3044813, si_uid=101695, si_status=1, si_utime=0, si_stime=0} ---
3044016 dup2(3, 0)                      = 0
3044016 dup2(4, 1)                      = 1
3044016 close(3)                        = 0
3044016 close(4)                        = 0
3044016 wait4(-1, 0x7ffd15c03e5c, 0, NULL) = -1 ECHILD (No child processes)
3044016 rt_sigaction(SIGINT, {sa_handler=0x55ab8b6b6530, sa_mask=[], sa_flags=SA_RESTORER|SA_RESTART, sa_restorer=0x7f98b76a5520}, NULL, 8) = 0
3044016 rt_sigaction(SIGQUIT, {sa_handler=SIG_IGN, sa_mask=[QUIT], sa_flags=SA_RESTORER|SA_RESTART, sa_restorer=0x7f98b76a5520}, {sa_handler=SIG_IGN, sa_mask=[QUIT], sa_flags=SA_RESTORER|SA_RESTART, sa_restorer=0x7f98b76a5520}, 8) = 0
3044016 ioctl(0, TIOCGWINSZ, {ws_row=24, ws_col=80, ws_xpixel=0, ws_ypixel=0}) = 0
3044016 ioctl(0, TIOCSWINSZ, {ws_row=24, ws_col=80, ws_xpixel=0, ws_ypixel=0}) = 0
3044016 ioctl(0, TCGETS, {B38400 opost isig icanon echo ...}) = 0
3044016 ioctl(0, TCGETS, {B38400 opost isig icanon echo ...}) = 0
3044016 ioctl(0, SNDCTL_TMR_STOP or TCSETSW, {B38400 opost isig -icanon -echo ...}) = 0
3044016 ioctl(0, TCGETS, {B38400 opost isig -icanon -echo ...}) = 0
3044016 write(1, "\33[?2004h", 8)       = 8
3044016 rt_sigprocmask(SIG_BLOCK, [HUP INT QUIT ALRM TERM TSTP TTIN TTOU], [TTOU], 8) = 0
3044016 rt_sigaction(SIGINT, {sa_handler=0x7f98b78b99d0, sa_mask=[], sa_flags=SA_RESTORER, sa_restorer=0x7f98b76a5520}, {sa_handler=0x55ab8b6b6530, sa_mask=[], sa_flags=SA_RESTORER|SA_RESTART, sa_restorer=0x7f98b76a5520}, 8) = 0
3044016 rt_sigaction(SIGTERM, {sa_handler=0x7f98b78b99d0, sa_mask=[], sa_flags=SA_RESTORER, sa_restorer=0x7f98b76a5520}, {sa_handler=SIG_DFL, sa_mask=[], sa_flags=SA_RESTORER, sa_restorer=0x7f98b76a5520}, 8) = 0
3044016 rt_sigaction(SIGHUP, {sa_handler=0x7f98b78b99d0, sa_mask=[], sa_flags=SA_RESTORER, sa_restorer=0x7f98b76a5520}, {sa_handler=SIG_DFL, sa_mask=[], sa_flags=SA_RESTORER, sa_restorer=0x7f98b76a5520}, 8) = 0
3044016 rt_sigaction(SIGQUIT, {sa_handler=0x7f98b78b99d0, sa_mask=[], sa_flags=SA_RESTORER, sa_restorer=0x7f98b76a5520}, {sa_handler=SIG_IGN, sa_mask=[QUIT], sa_flags=SA_RESTORER|SA_RESTART, sa_restorer=0x7f98b76a5520}, 8) = 0
3044016 rt_sigaction(SIGQUIT, {sa_handler=SIG_IGN, sa_mask=[QUIT], sa_flags=SA_RESTORER|SA_RESTART, sa_restorer=0x7f98b76a5520}, {sa_handler=0x7f98b78b99d0, sa_mask=[], sa_flags=SA_RESTORER, sa_restorer=0x7f98b76a5520}, 8) = 0
3044016 rt_sigaction(SIGALRM, {sa_handler=0x7f98b78b99d0, sa_mask=[], sa_flags=SA_RESTORER, sa_restorer=0x7f98b76a5520}, {sa_handler=SIG_DFL, sa_mask=[], sa_flags=SA_RESTORER, sa_restorer=0x7f98b76a5520}, 8) = 0
3044016 rt_sigaction(SIGTSTP, {sa_handler=0x7f98b78b99d0, sa_mask=[], sa_flags=SA_RESTORER, sa_restorer=0x7f98b76a5520}, {sa_handler=SIG_DFL, sa_mask=[], sa_flags=SA_RESTORER, sa_restorer=0x7f98b76a5520}, 8) = 0
3044016 rt_sigaction(SIGTTOU, {sa_handler=0x7f98b78b99d0, sa_mask=[], sa_flags=SA_RESTORER, sa_restorer=0x7f98b76a5520}, {sa_handler=SIG_DFL, sa_mask=[], sa_flags=SA_RESTORER, sa_restorer=0x7f98b76a5520}, 8) = 0
3044016 rt_sigaction(SIGTTIN, {sa_handler=0x7f98b78b99d0, sa_mask=[], sa_flags=SA_RESTORER, sa_restorer=0x7f98b76a5520}, {sa_handler=SIG_DFL, sa_mask=[], sa_flags=SA_RESTORER, sa_restorer=0x7f98b76a5520}, 8) = 0
3044016 rt_sigprocmask(SIG_SETMASK, [TTOU], NULL, 8) = 0
3044016 rt_sigaction(SIGWINCH, {sa_handler=0x7f98b78b99e0, sa_mask=[], sa_flags=SA_RESTORER|SA_RESTART, sa_restorer=0x7f98b76a5520}, {sa_handler=SIG_DFL, sa_mask=[], sa_flags=SA_RESTORER, sa_restorer=0x7f98b76a5520}, 8) = 0
3044016 write(1, "minishell> ", 11)     = 11
3044016 pselect6(1, [0], NULL, NULL, NULL, {sigmask=[TTOU], sigsetsize=8}) = 1 (in [0])
3044016 read(0, "e", 1)                 = 1
3044016 pselect6(1, [0], NULL, [0], {tv_sec=0, tv_nsec=0}, NULL) = 0 (Timeout)
3044016 write(1, "e", 1)                = 1
3044016 pselect6(1, [0], NULL, NULL, NULL, {sigmask=[TTOU], sigsetsize=8}) = 1 (in [0])
3044016 read(0, "x", 1)                 = 1
3044016 pselect6(1, [0], NULL, [0], {tv_sec=0, tv_nsec=0}, NULL) = 0 (Timeout)
3044016 write(1, "x", 1)                = 1
3044016 pselect6(1, [0], NULL, NULL, NULL, {sigmask=[TTOU], sigsetsize=8}) = 1 (in [0])
3044016 read(0, "i", 1)                 = 1
3044016 pselect6(1, [0], NULL, [0], {tv_sec=0, tv_nsec=0}, NULL) = 0 (Timeout)
3044016 write(1, "i", 1)                = 1
3044016 pselect6(1, [0], NULL, NULL, NULL, {sigmask=[TTOU], sigsetsize=8}) = 1 (in [0])
3044016 read(0, "t", 1)                 = 1
3044016 pselect6(1, [0], NULL, [0], {tv_sec=0, tv_nsec=0}, NULL) = 0 (Timeout)
3044016 write(1, "t", 1)                = 1
3044016 pselect6(1, [0], NULL, NULL, NULL, {sigmask=[TTOU], sigsetsize=8}) = 1 (in [0])
3044016 read(0, "\r", 1)                = 1
3044016 write(1, "\n", 1)               = 1
3044016 write(1, "\33[?2004l\r", 9)     = 9
3044016 ioctl(0, TCGETS, {B38400 opost isig -icanon -echo ...}) = 0
3044016 ioctl(0, SNDCTL_TMR_STOP or TCSETSW, {B38400 opost isig icanon echo ...}) = 0
3044016 ioctl(0, TCGETS, {B38400 opost isig icanon echo ...}) = 0
3044016 rt_sigaction(SIGINT, {sa_handler=0x55ab8b6b6530, sa_mask=[], sa_flags=SA_RESTORER|SA_RESTART, sa_restorer=0x7f98b76a5520}, {sa_handler=0x7f98b78b99d0, sa_mask=[], sa_flags=SA_RESTORER, sa_restorer=0x7f98b76a5520}, 8) = 0
3044016 rt_sigaction(SIGTERM, {sa_handler=SIG_DFL, sa_mask=[], sa_flags=SA_RESTORER, sa_restorer=0x7f98b76a5520}, {sa_handler=0x7f98b78b99d0, sa_mask=[], sa_flags=SA_RESTORER, sa_restorer=0x7f98b76a5520}, 8) = 0
3044016 rt_sigaction(SIGHUP, {sa_handler=SIG_DFL, sa_mask=[], sa_flags=SA_RESTORER, sa_restorer=0x7f98b76a5520}, {sa_handler=0x7f98b78b99d0, sa_mask=[], sa_flags=SA_RESTORER, sa_restorer=0x7f98b76a5520}, 8) = 0
3044016 rt_sigaction(SIGALRM, {sa_handler=SIG_DFL, sa_mask=[], sa_flags=SA_RESTORER, sa_restorer=0x7f98b76a5520}, {sa_handler=0x7f98b78b99d0, sa_mask=[], sa_flags=SA_RESTORER, sa_restorer=0x7f98b76a5520}, 8) = 0
3044016 rt_sigaction(SIGTSTP, {sa_handler=SIG_DFL, sa_mask=[], sa_flags=SA_RESTORER, sa_restorer=0x7f98b76a5520}, {sa_handler=0x7f98b78b99d0, sa_mask=[], sa_flags=SA_RESTORER, sa_restorer=0x7f98b76a5520}, 8) = 0
3044016 rt_sigaction(SIGTTOU, {sa_handler=SIG_DFL, sa_mask=[], sa_flags=SA_RESTORER, sa_restorer=0x7f98b76a5520}, {sa_handler=0x7f98b78b99d0, sa_mask=[], sa_flags=SA_RESTORER, sa_restorer=0x7f98b76a5520}, 8) = 0
3044016 rt_sigaction(SIGTTIN, {sa_handler=SIG_DFL, sa_mask=[], sa_flags=SA_RESTORER, sa_restorer=0x7f98b76a5520}, {sa_handler=0x7f98b78b99d0, sa_mask=[], sa_flags=SA_RESTORER, sa_restorer=0x7f98b76a5520}, 8) = 0
3044016 rt_sigaction(SIGWINCH, {sa_handler=SIG_DFL, sa_mask=[], sa_flags=SA_RESTORER, sa_restorer=0x7f98b76a5520}, {sa_handler=0x7f98b78b99e0, sa_mask=[], sa_flags=SA_RESTORER|SA_RESTART, sa_restorer=0x7f98b76a5520}, 8) = 0
3044016 write(1, "DEBUG AST \342\206\222 cmd: exit | pipe_o"..., 38) = 38
3044016 write(1, "abstract syntax tree :\n", 23) = 23
3044016 write(1, "\342\224\200\342\224\200\342\224\200 New command \342\224\200\342\224\200\342\224\200\n", 32) = 32
3044016 write(1, "  CMD[0] : exit\n", 16) = 16
3044016 dup(0)                          = 3
3044016 dup(1)                          = 4
3044016 write(1, "[EXEC] cmd: exit | pipe_out: 0\n", 31) = 31
3044016 write(2, "e", 1)                = 1
3044016 write(2, "x", 1)                = 1
3044016 write(2, "i", 1)                = 1
3044016 write(2, "t", 1)                = 1
3044016 write(2, "\n", 1)               = 1
3044016 exit_group(0)                   = ?
3044016 +++ exited with 0 +++
